#
# There is insufficient memory for the Java Runtime Environment to continue.
# Native memory allocation (mmap) failed to map 10485760 bytes for G1 virtual space
# Possible reasons:
#   The system is out of physical RAM or swap space
#   The process is running with CompressedOops enabled, and the Java Heap may be blocking the growth of the native heap
# Possible solutions:
#   Reduce memory load on the system
#   Increase physical memory or swap space
#   Check if swap backing store is full
#   Decrease Java heap size (-Xmx/-Xms)
#   Decrease number of Java threads
#   Decrease Java thread stack sizes (-Xss)
#   Set larger code cache with -XX:ReservedCodeCacheSize=
#   JVM is running with Unscaled Compressed Oops mode in which the Java heap is
#     placed in the first 4GB address space. The Java Heap base address is the
#     maximum limit for the native heap growth. Please use -XX:HeapBaseMinAddress
#     to set the Java Heap base and to place the Java Heap above 4GB virtual address.
# This output file may be truncated or incomplete.
#
#  Out of Memory Error (os_windows.cpp:3530), pid=87828, tid=110304
#
# JRE version: Java(TM) SE Runtime Environment (18.0.1.1+2) (build 18.0.1.1+2-6)
# Java VM: Java HotSpot(TM) 64-Bit Server VM (18.0.1.1+2-6, mixed mode, emulated-client, sharing, tiered, compressed oops, compressed class ptrs, g1 gc, windows-amd64)
# No core dump will be written. Minidumps are not enabled by default on client versions of Windows
#

---------------  S U M M A R Y ------------

Command Line: -XX:TieredStopAtLevel=1 -Dspring.output.ansi.enabled=always -Dcom.sun.management.jmxremote -Dspring.jmx.enabled=true -Dspring.liveBeansView.mbeanDomain -Dspring.application.admin.enabled=true -javaagent:C:\Program Files\JetBrains\IntelliJ IDEA 2022.2\lib\idea_rt.jar=61068:C:\Program Files\JetBrains\IntelliJ IDEA 2022.2\bin -Dfile.encoding=UTF-8 com.UdeA.Ciclo3.Ciclo3Application

Host: AMD Athlon Gold 3150U with Radeon Graphics     , 4 cores, 5G,  Windows 11 , 64 bit Build 22000 (10.0.22000.708)
Time: Tue Sep  6 14:37:05 2022 Hora est. Pacífico, Sudamérica elapsed time: 14.913928 seconds (0d 0h 0m 14s)

---------------  T H R E A D  ---------------

Current thread (0x000002355f5a5cf0):  VMThread "VM Thread" [stack: 0x0000007e3b600000,0x0000007e3b700000] [id=110304]

Stack: [0x0000007e3b600000,0x0000007e3b700000]
Native frames: (J=compiled Java code, j=interpreted, Vv=VM code, C=native code)
V  [jvm.dll+0x69887a]
V  [jvm.dll+0x7f38bd]
V  [jvm.dll+0x7f51ce]
V  [jvm.dll+0x7f5883]
V  [jvm.dll+0x25ca3f]
V  [jvm.dll+0x6957c9]
V  [jvm.dll+0x68a2fa]
V  [jvm.dll+0x321efb]
V  [jvm.dll+0x3298d6]
V  [jvm.dll+0x37e47e]
V  [jvm.dll+0x37e6af]
V  [jvm.dll+0x2f9c7a]
V  [jvm.dll+0x2f9d27]
V  [jvm.dll+0x33e262]
V  [jvm.dll+0x33c804]
V  [jvm.dll+0x2f9450]
V  [jvm.dll+0x33bddb]
V  [jvm.dll+0x7fa66b]
V  [jvm.dll+0x7fb404]
V  [jvm.dll+0x7fb93c]
V  [jvm.dll+0x7fbd94]
V  [jvm.dll+0x7fbe57]
V  [jvm.dll+0x7a03ea]
V  [jvm.dll+0x697725]
C  [ucrtbase.dll+0x26c0c]
C  [KERNEL32.DLL+0x154e0]
C  [ntdll.dll+0x485b]

VM_Operation (0x0000007e3cafc3e0): G1CollectForAllocation, mode: safepoint, requested by thread 0x000002357653b840


---------------  P R O C E S S  ---------------

Threads class SMR info:
_java_thread_list=0x000002357768a730, length=21, elements={
0x000002355f4eb770, 0x0000023571852000, 0x0000023571855060, 0x00000235718671d0,
0x0000023571869a90, 0x000002357186a430, 0x000002357186add0, 0x000002357186b770,
0x00000235718990a0, 0x0000023575c20450, 0x000002357184c370, 0x0000023575fe38b0,
0x0000023575fe8fb0, 0x000002357610b820, 0x00000235765010c0, 0x000002357653b840,
0x0000023576457840, 0x00000235772627e0, 0x000002357633a230, 0x0000023576339d60,
0x0000023576338a20
}

Java Threads: ( => current thread )
  0x000002355f4eb770 JavaThread "main" [_thread_blocked, id=99556, stack(0x0000007e3b000000,0x0000007e3b100000)]
  0x0000023571852000 JavaThread "Reference Handler" daemon [_thread_blocked, id=97444, stack(0x0000007e3b700000,0x0000007e3b800000)]
  0x0000023571855060 JavaThread "Finalizer" daemon [_thread_blocked, id=106948, stack(0x0000007e3b800000,0x0000007e3b900000)]
  0x00000235718671d0 JavaThread "Signal Dispatcher" daemon [_thread_blocked, id=90168, stack(0x0000007e3b900000,0x0000007e3ba00000)]
  0x0000023571869a90 JavaThread "Attach Listener" daemon [_thread_blocked, id=75168, stack(0x0000007e3ba00000,0x0000007e3bb00000)]
  0x000002357186a430 JavaThread "Service Thread" daemon [_thread_blocked, id=109972, stack(0x0000007e3bb00000,0x0000007e3bc00000)]
  0x000002357186add0 JavaThread "Monitor Deflation Thread" daemon [_thread_blocked, id=109996, stack(0x0000007e3bc00000,0x0000007e3bd00000)]
  0x000002357186b770 JavaThread "C1 CompilerThread0" daemon [_thread_blocked, id=110312, stack(0x0000007e3bd00000,0x0000007e3be00000)]
  0x00000235718990a0 JavaThread "Sweeper thread" daemon [_thread_blocked, id=77676, stack(0x0000007e3be00000,0x0000007e3bf00000)]
  0x0000023575c20450 JavaThread "Common-Cleaner" daemon [_thread_blocked, id=107596, stack(0x0000007e3bf00000,0x0000007e3c000000)]
  0x000002357184c370 JavaThread "C1 CompilerThread1" daemon [_thread_blocked, id=110372, stack(0x0000007e3c000000,0x0000007e3c100000)]
  0x0000023575fe38b0 JavaThread "Monitor Ctrl-Break" daemon [_thread_in_native, id=107952, stack(0x0000007e3c100000,0x0000007e3c200000)]
  0x0000023575fe8fb0 JavaThread "Notification Thread" daemon [_thread_blocked, id=105868, stack(0x0000007e3c200000,0x0000007e3c300000)]
  0x000002357610b820 JavaThread "RMI TCP Accept-0" daemon [_thread_in_native, id=104384, stack(0x0000007e3c300000,0x0000007e3c400000)]
  0x00000235765010c0 JavaThread "Thread-0" [_thread_blocked, id=72304, stack(0x0000007e3c900000,0x0000007e3ca00000)]
  0x000002357653b840 JavaThread "restartedMain" [_thread_blocked, id=94888, stack(0x0000007e3ca00000,0x0000007e3cb00000)]
  0x0000023576457840 JavaThread "Catalina-utility-1" [_thread_blocked, id=110432, stack(0x0000007e3cb00000,0x0000007e3cc00000)]
  0x00000235772627e0 JavaThread "Catalina-utility-2" [_thread_blocked, id=110544, stack(0x0000007e3cc00000,0x0000007e3cd00000)]
  0x000002357633a230 JavaThread "container-0" [_thread_blocked, id=110408, stack(0x0000007e3cd00000,0x0000007e3ce00000)]
  0x0000023576339d60 JavaThread "HikariPool-1 housekeeper" daemon [_thread_blocked, id=110192, stack(0x0000007e3cf00000,0x0000007e3d000000)]
  0x0000023576338a20 JavaThread "HikariPool-1 connection adder" daemon [_thread_blocked, id=107036, stack(0x0000007e3d000000,0x0000007e3d100000)]

Other Threads:
=>0x000002355f5a5cf0 VMThread "VM Thread" [stack: 0x0000007e3b600000,0x0000007e3b700000] [id=110304]
  0x000002355f4ec5d0 WatcherThread "VM Periodic Task Thread" [stack: 0x0000007e3c400000,0x0000007e3c500000] [id=107948]
  0x000002355f53bae0 WorkerThread "GC Thread#0" [stack: 0x0000007e3b100000,0x0000007e3b200000] [id=101076]
  0x00000235761d3040 WorkerThread "GC Thread#1" [stack: 0x0000007e3c500000,0x0000007e3c600000] [id=102100]
  0x0000023576292910 WorkerThread "GC Thread#2" [stack: 0x0000007e3c600000,0x0000007e3c700000] [id=109588]
  0x0000023576298bd0 WorkerThread "GC Thread#3" [stack: 0x0000007e3c700000,0x0000007e3c800000] [id=109580]
  0x000002355f548650 ConcurrentGCThread "G1 Main Marker" [stack: 0x0000007e3b200000,0x0000007e3b300000] [id=73844]
  0x000002355f54a050 WorkerThread "G1 Conc#0" [stack: 0x0000007e3b300000,0x0000007e3b400000] [id=108340]
  0x000002355f57b7a0 ConcurrentGCThread "G1 Refine#0" [stack: 0x0000007e3b400000,0x0000007e3b500000] [id=104644]
  0x00000235761c7850 ConcurrentGCThread "G1 Refine#1" [stack: 0x0000007e3c800000,0x0000007e3c900000] [id=109584]
  0x000002355f57d0c0 ConcurrentGCThread "G1 Service" [stack: 0x0000007e3b500000,0x0000007e3b600000] [id=83912]

Threads with active compile tasks:

VM state: at safepoint (normal execution)

VM Mutex/Monitor currently owned by a thread:  ([mutex/lock_event])
[0x000002355f4e8340] Threads_lock - owner thread: 0x000002355f5a5cf0
[0x000002355f4e8220] Heap_lock - owner thread: 0x000002357653b840

Heap address: 0x00000000a1e00000, size: 1506 MB, Compressed Oops mode: 32-bit

CDS archive(s) mapped at: [0x0000000800000000-0x0000000800ba0000-0x0000000800ba0000), size 12189696, SharedBaseAddress: 0x0000000800000000, ArchiveRelocationMode: 0.
Compressed class space mapped at: 0x0000000800c00000-0x0000000840c00000, reserved size: 1073741824
Narrow klass base: 0x0000000800000000, Narrow klass shift: 0, Narrow klass range: 0x100000000

GC Precious Log:
 CardTable entry size: 512
 Card Set container configuration: InlinePtr #cards 5 size 8 Array Of Cards #cards 12 size 40 Howl #buckets 4 coarsen threshold 1843 Howl Bitmap #cards 512 size 80 coarsen threshold 460 Card regions per heap region 1 cards per card region 2048
 CPUs: 4 total, 4 available
 Memory: 6020M
 Large Page Support: Disabled
 NUMA Support: Disabled
 Compressed Oops: Enabled (32-bit)
 Heap Region Size: 1M
 Heap Min Capacity: 8M
 Heap Initial Capacity: 96M
 Heap Max Capacity: 1506M
 Pre-touch: Disabled
 Parallel Workers: 4
 Concurrent Workers: 1
 Concurrent Refinement Workers: 4
 Periodic GC: Disabled

Heap:
 garbage-first heap   total 51200K, used 24338K [0x00000000a1e00000, 0x0000000100000000)
  region size 1024K, 3 young (3072K), 3 survivors (3072K)
 Metaspace       used 48190K, committed 48576K, reserved 1114112K
  class space    used 6814K, committed 6976K, reserved 1048576K

Heap Regions: E=young(eden), S=young(survivor), O=old, HS=humongous(starts), HC=humongous(continues), CS=collection set, F=free, OA=open archive, CA=closed archive, TAMS=top-at-mark-start (previous, next)
|   0|0x00000000a1e00000, 0x00000000a1f00000, 0x00000000a1f00000|100%|HS|  |TAMS 0x00000000a1f00000, 0x00000000a1e00000| Complete 
|   1|0x00000000a1f00000, 0x00000000a2000000, 0x00000000a2000000|100%| O|  |TAMS 0x00000000a2000000, 0x00000000a1f00000| Untracked 
|   2|0x00000000a2000000, 0x00000000a2100000, 0x00000000a2100000|100%| O|  |TAMS 0x00000000a2100000, 0x00000000a2000000| Untracked 
|   3|0x00000000a2100000, 0x00000000a2200000, 0x00000000a2200000|100%| O|  |TAMS 0x00000000a2200000, 0x00000000a2100000| Untracked 
|   4|0x00000000a2200000, 0x00000000a2300000, 0x00000000a2300000|100%| O|  |TAMS 0x00000000a2300000, 0x00000000a2200000| Untracked 
|   5|0x00000000a2300000, 0x00000000a2400000, 0x00000000a2400000|100%| O|  |TAMS 0x00000000a2400000, 0x00000000a2300000| Untracked 
|   6|0x00000000a2400000, 0x00000000a2500000, 0x00000000a2500000|100%| O|  |TAMS 0x00000000a2500000, 0x00000000a2400000| Untracked 
|   7|0x00000000a2500000, 0x00000000a2600000, 0x00000000a2600000|100%| O|  |TAMS 0x00000000a2600000, 0x00000000a2500000| Untracked 
|   8|0x00000000a2600000, 0x00000000a2700000, 0x00000000a2700000|100%| O|  |TAMS 0x00000000a2700000, 0x00000000a2600000| Untracked 
|   9|0x00000000a2700000, 0x00000000a2716600, 0x00000000a2800000|  8%| O|  |TAMS 0x00000000a2716600, 0x00000000a2700000| Untracked 
|  10|0x00000000a2800000, 0x00000000a2900000, 0x00000000a2900000|100%| O|  |TAMS 0x00000000a2900000, 0x00000000a2800000| Untracked 
|  11|0x00000000a2900000, 0x00000000a2a00000, 0x00000000a2a00000|100%| O|  |TAMS 0x00000000a2a00000, 0x00000000a2900000| Untracked 
|  12|0x00000000a2a00000, 0x00000000a2b00000, 0x00000000a2b00000|100%| O|  |TAMS 0x00000000a2b00000, 0x00000000a2a00000| Untracked 
|  13|0x00000000a2b00000, 0x00000000a2c00000, 0x00000000a2c00000|100%| O|  |TAMS 0x00000000a2c00000, 0x00000000a2b00000| Untracked 
|  14|0x00000000a2c00000, 0x00000000a2d00000, 0x00000000a2d00000|100%| O|  |TAMS 0x00000000a2d00000, 0x00000000a2c00000| Untracked 
|  15|0x00000000a2d00000, 0x00000000a2e00000, 0x00000000a2e00000|100%| O|  |TAMS 0x00000000a2e00000, 0x00000000a2d00000| Untracked 
|  16|0x00000000a2e00000, 0x00000000a2f00000, 0x00000000a2f00000|100%| O|  |TAMS 0x00000000a2e00000, 0x00000000a2e00000| Untracked 
|  17|0x00000000a2f00000, 0x00000000a3000000, 0x00000000a3000000|100%| O|  |TAMS 0x00000000a2f00000, 0x00000000a2f00000| Untracked 
|  18|0x00000000a3000000, 0x00000000a3100000, 0x00000000a3100000|100%| O|  |TAMS 0x00000000a3000000, 0x00000000a3000000| Untracked 
|  19|0x00000000a3100000, 0x00000000a3200000, 0x00000000a3200000|100%| O|  |TAMS 0x00000000a3100000, 0x00000000a3100000| Untracked 
|  20|0x00000000a3200000, 0x00000000a3300000, 0x00000000a3300000|100%| O|  |TAMS 0x00000000a3297600, 0x00000000a3200000| Untracked 
|  21|0x00000000a3300000, 0x00000000a33d9400, 0x00000000a3400000| 84%| O|  |TAMS 0x00000000a3300000, 0x00000000a3300000| Untracked 
|  22|0x00000000a3400000, 0x00000000a3400000, 0x00000000a3500000|  0%| F|  |TAMS 0x00000000a3400000, 0x00000000a3400000| Untracked 
|  23|0x00000000a3500000, 0x00000000a3500000, 0x00000000a3600000|  0%| F|  |TAMS 0x00000000a3500000, 0x00000000a3500000| Untracked 
|  24|0x00000000a3600000, 0x00000000a3600000, 0x00000000a3700000|  0%| F|  |TAMS 0x00000000a3600000, 0x00000000a3600000| Untracked 
|  25|0x00000000a3700000, 0x00000000a3700000, 0x00000000a3800000|  0%| F|  |TAMS 0x00000000a3700000, 0x00000000a3700000| Untracked 
|  26|0x00000000a3800000, 0x00000000a3800000, 0x00000000a3900000|  0%| F|  |TAMS 0x00000000a3800000, 0x00000000a3800000| Untracked 
|  27|0x00000000a3900000, 0x00000000a3900000, 0x00000000a3a00000|  0%| F|  |TAMS 0x00000000a3900000, 0x00000000a3900000| Untracked 
|  28|0x00000000a3a00000, 0x00000000a3a00000, 0x00000000a3b00000|  0%| F|  |TAMS 0x00000000a3a00000, 0x00000000a3a00000| Untracked 
|  29|0x00000000a3b00000, 0x00000000a3b00000, 0x00000000a3c00000|  0%| F|  |TAMS 0x00000000a3b00000, 0x00000000a3b00000| Untracked 
|  30|0x00000000a3c00000, 0x00000000a3cd5138, 0x00000000a3d00000| 83%| S|CS|TAMS 0x00000000a3c00000, 0x00000000a3c00000| Complete 
|  31|0x00000000a3d00000, 0x00000000a3d00000, 0x00000000a3e00000|  0%| F|  |TAMS 0x00000000a3d00000, 0x00000000a3d00000| Untracked 
|  32|0x00000000a3e00000, 0x00000000a3f00000, 0x00000000a3f00000|100%| S|CS|TAMS 0x00000000a3e00000, 0x00000000a3e00000| Complete 
|  33|0x00000000a3f00000, 0x00000000a4000000, 0x00000000a4000000|100%| S|CS|TAMS 0x00000000a3f00000, 0x00000000a3f00000| Complete 
|  34|0x00000000a4000000, 0x00000000a4000000, 0x00000000a4100000|  0%| F|  |TAMS 0x00000000a4000000, 0x00000000a4000000| Untracked 
|  35|0x00000000a4100000, 0x00000000a4100000, 0x00000000a4200000|  0%| F|  |TAMS 0x00000000a4100000, 0x00000000a4100000| Untracked 
|  36|0x00000000a4200000, 0x00000000a4200000, 0x00000000a4300000|  0%| F|  |TAMS 0x00000000a4200000, 0x00000000a4200000| Untracked 
|  37|0x00000000a4300000, 0x00000000a4300000, 0x00000000a4400000|  0%| F|  |TAMS 0x00000000a4300000, 0x00000000a4300000| Untracked 
|  38|0x00000000a4400000, 0x00000000a4400000, 0x00000000a4500000|  0%| F|  |TAMS 0x00000000a4400000, 0x00000000a4400000| Untracked 
|  39|0x00000000a4500000, 0x00000000a4500000, 0x00000000a4600000|  0%| F|  |TAMS 0x00000000a4500000, 0x00000000a4500000| Untracked 
|  40|0x00000000a4600000, 0x00000000a4600000, 0x00000000a4700000|  0%| F|  |TAMS 0x00000000a4600000, 0x00000000a4600000| Untracked 
|  41|0x00000000a4700000, 0x00000000a4700000, 0x00000000a4800000|  0%| F|  |TAMS 0x00000000a4700000, 0x00000000a4700000| Untracked 
|  42|0x00000000a4800000, 0x00000000a4800000, 0x00000000a4900000|  0%| F|  |TAMS 0x00000000a4800000, 0x00000000a4800000| Untracked 
|  43|0x00000000a4900000, 0x00000000a4900000, 0x00000000a4a00000|  0%| F|  |TAMS 0x00000000a4900000, 0x00000000a4900000| Untracked 
|  44|0x00000000a4a00000, 0x00000000a4a00000, 0x00000000a4b00000|  0%| F|  |TAMS 0x00000000a4a00000, 0x00000000a4a00000| Untracked 
|  83|0x00000000a7100000, 0x00000000a7100000, 0x00000000a7200000|  0%| F|  |TAMS 0x00000000a7100000, 0x00000000a7100000| Untracked 
|  84|0x00000000a7200000, 0x00000000a7200000, 0x00000000a7300000|  0%| F|  |TAMS 0x00000000a7200000, 0x00000000a7200000| Untracked 
|  85|0x00000000a7300000, 0x00000000a7300000, 0x00000000a7400000|  0%| F|  |TAMS 0x00000000a7300000, 0x00000000a7300000| Untracked 
|  86|0x00000000a7400000, 0x00000000a7400000, 0x00000000a7500000|  0%| F|  |TAMS 0x00000000a7400000, 0x00000000a7400000| Untracked 
|  95|0x00000000a7d00000, 0x00000000a7d00000, 0x00000000a7e00000|  0%| F|  |TAMS 0x00000000a7d00000, 0x00000000a7d00000| Untracked 

Card table byte_map: [0x000002356bd90000,0x000002356c090000] _byte_map_base: 0x000002356b881000

Marking Bits (Prev, Next): (CMBitMap*) 0x000002355f53c0e0, (CMBitMap*) 0x000002355f53c120
 Prev Bits: [0x000002356c390000, 0x000002356db18000)
 Next Bits: [0x000002356db20000, 0x000002356f2a8000)

Polling page: 0x000002355f5b0000

Metaspace:

Usage:
  Non-class:     40.41 MB used.
      Class:      6.65 MB used.
       Both:     47.06 MB used.

Virtual space:
  Non-class space:       64.00 MB reserved,      40.62 MB ( 63%) committed,  1 nodes.
      Class space:        1.00 GB reserved,       6.81 MB ( <1%) committed,  1 nodes.
             Both:        1.06 GB reserved,      47.44 MB (  4%) committed. 

Chunk freelists:
   Non-Class:  3.00 MB
       Class:  1.13 MB
        Both:  4.13 MB

MaxMetaspaceSize: unlimited
CompressedClassSpaceSize: 1.00 GB
Initial GC threshold: 21.00 MB
Current GC threshold: 59.19 MB
CDS: on
MetaspaceReclaimPolicy: balanced
 - commit_granule_bytes: 65536.
 - commit_granule_words: 8192.
 - virtual_space_node_default_size: 8388608.
 - enlarge_chunks_in_place: 1.
 - new_chunks_are_fully_committed: 0.
 - uncommit_free_chunks: 1.
 - use_allocation_guard: 0.


Internal statistics:

num_allocs_failed_limit: 9.
num_arena_births: 502.
num_arena_deaths: 0.
num_vsnodes_births: 2.
num_vsnodes_deaths: 0.
num_space_committed: 759.
num_space_uncommitted: 0.
num_chunks_returned_to_freelist: 9.
num_chunks_taken_from_freelist: 2187.
num_chunk_merges: 9.
num_chunk_splits: 1609.
num_chunks_enlarged: 1331.
num_inconsistent_stats: 0.

CodeCache: size=49152Kb used=9012Kb max_used=9012Kb free=40139Kb
 bounds [0x00000235685f0000, 0x0000023568ec0000, 0x000002356b5f0000]
 total_blobs=5161 nmethods=4595 adapters=491
 compilation: enabled
              stopped_count=0, restarted_count=0
 full_count=0

Compilation events (20 events):
Event: 14.880 Thread 0x000002357186b770 4586       1       java.util.HashSet::clear (8 bytes)
Event: 14.880 Thread 0x000002357186b770 nmethod 4586 0x0000023568eba890 code [0x0000023568ebaa20, 0x0000023568ebab08]
Event: 14.881 Thread 0x000002357184c370 4587       1       org.springframework.core.MethodParameter::adaptAnnotationArray (2 bytes)
Event: 14.881 Thread 0x000002357184c370 nmethod 4587 0x0000023568ebab90 code [0x0000023568ebad20, 0x0000023568ebadf8]
Event: 14.883 Thread 0x000002357184c370 4588       1       org.springframework.beans.factory.support.AbstractAutowireCapableBeanFactory::applyBeanPostProcessorsBeforeInitialization (61 bytes)
Event: 14.884 Thread 0x000002357184c370 nmethod 4588 0x0000023568ebae90 code [0x0000023568ebb060, 0x0000023568ebb298]
Event: 14.887 Thread 0x000002357186b770 4589       1       org.springframework.orm.jpa.support.PersistenceAnnotationBeanPostProcessor$$Lambda$506/0x0000000800ee7b30::<init> (15 bytes)
Event: 14.887 Thread 0x000002357184c370 4590       1       org.springframework.orm.jpa.support.PersistenceAnnotationBeanPostProcessor$$Lambda$507/0x0000000800ee7d40::<init> (20 bytes)
Event: 14.887 Thread 0x000002357184c370 nmethod 4590 0x0000023568ebb410 code [0x0000023568ebb5a0, 0x0000023568ebb778]
Event: 14.887 Thread 0x000002357186b770 nmethod 4589 0x0000023568ebb810 code [0x0000023568ebb9a0, 0x0000023568ebbaf8]
Event: 14.889 Thread 0x000002357184c370 4591       1       org.springframework.context.annotation.CommonAnnotationBeanPostProcessor$$Lambda$509/0x0000000800eec210::<init> (15 bytes)
Event: 14.889 Thread 0x000002357186b770 4592       1       org.springframework.context.annotation.CommonAnnotationBeanPostProcessor$$Lambda$510/0x0000000800eec420::<init> (20 bytes)
Event: 14.889 Thread 0x000002357184c370 nmethod 4591 0x0000023568ebbb90 code [0x0000023568ebbd20, 0x0000023568ebbe78]
Event: 14.889 Thread 0x000002357186b770 nmethod 4592 0x0000023568ebbf10 code [0x0000023568ebc0a0, 0x0000023568ebc278]
Event: 14.890 Thread 0x000002357186b770 4593       1       org.springframework.beans.factory.annotation.AutowiredAnnotationBeanPostProcessor$$Lambda$511/0x0000000800eec630::<init> (15 bytes)
Event: 14.890 Thread 0x000002357184c370 4594       1       org.springframework.beans.factory.annotation.AutowiredAnnotationBeanPostProcessor$$Lambda$512/0x0000000800eec840::<init> (20 bytes)
Event: 14.890 Thread 0x000002357184c370 nmethod 4594 0x0000023568ebc310 code [0x0000023568ebc4a0, 0x0000023568ebc678]
Event: 14.890 Thread 0x000002357186b770 nmethod 4593 0x0000023568ebc710 code [0x0000023568ebc8a0, 0x0000023568ebc9f8]
Event: 14.894 Thread 0x000002357186b770 4595       1       java.lang.Class::copyFields (36 bytes)
Event: 14.895 Thread 0x000002357186b770 nmethod 4595 0x0000023568ebca90 code [0x0000023568ebcc60, 0x0000023568ebd0c8]

GC Heap History (20 events):
Event: 5.076 GC heap after
{Heap after GC invocations=3 (full 0):
 garbage-first heap   total 98304K, used 9467K [0x00000000a1e00000, 0x0000000100000000)
  region size 1024K, 3 young (3072K), 3 survivors (3072K)
 Metaspace       used 11384K, committed 11648K, reserved 1114112K
  class space    used 1506K, committed 1600K, reserved 1048576K
}
Event: 7.549 GC heap before
{Heap before GC invocations=3 (full 0):
 garbage-first heap   total 98304K, used 63739K [0x00000000a1e00000, 0x0000000100000000)
  region size 1024K, 57 young (58368K), 3 survivors (3072K)
 Metaspace       used 19917K, committed 20224K, reserved 1114112K
  class space    used 2610K, committed 2752K, reserved 1048576K
}
Event: 7.561 GC heap after
{Heap after GC invocations=4 (full 0):
 garbage-first heap   total 98304K, used 12598K [0x00000000a1e00000, 0x0000000100000000)
  region size 1024K, 6 young (6144K), 6 survivors (6144K)
 Metaspace       used 19917K, committed 20224K, reserved 1114112K
  class space    used 2610K, committed 2752K, reserved 1048576K
}
Event: 7.975 GC heap before
{Heap before GC invocations=4 (full 0):
 garbage-first heap   total 98304K, used 20790K [0x00000000a1e00000, 0x0000000100000000)
  region size 1024K, 15 young (15360K), 6 survivors (6144K)
 Metaspace       used 21194K, committed 21504K, reserved 1114112K
  class space    used 2800K, committed 2944K, reserved 1048576K
}
Event: 7.986 GC heap after
{Heap after GC invocations=5 (full 0):
 garbage-first heap   total 98304K, used 13241K [0x00000000a1e00000, 0x0000000100000000)
  region size 1024K, 4 young (4096K), 4 survivors (4096K)
 Metaspace       used 21194K, committed 21504K, reserved 1114112K
  class space    used 2800K, committed 2944K, reserved 1048576K
}
Event: 9.347 GC heap before
{Heap before GC invocations=6 (full 0):
 garbage-first heap   total 51200K, used 39865K [0x00000000a1e00000, 0x0000000100000000)
  region size 1024K, 30 young (30720K), 4 survivors (4096K)
 Metaspace       used 25243K, committed 25600K, reserved 1114112K
  class space    used 3405K, committed 3584K, reserved 1048576K
}
Event: 9.358 GC heap after
{Heap after GC invocations=7 (full 0):
 garbage-first heap   total 51200K, used 16234K [0x00000000a1e00000, 0x0000000100000000)
  region size 1024K, 4 young (4096K), 4 survivors (4096K)
 Metaspace       used 25243K, committed 25600K, reserved 1114112K
  class space    used 3405K, committed 3584K, reserved 1048576K
}
Event: 10.237 GC heap before
{Heap before GC invocations=7 (full 0):
 garbage-first heap   total 51200K, used 34666K [0x00000000a1e00000, 0x0000000100000000)
  region size 1024K, 23 young (23552K), 4 survivors (4096K)
 Metaspace       used 28344K, committed 28736K, reserved 1114112K
  class space    used 3793K, committed 4032K, reserved 1048576K
}
Event: 10.247 GC heap after
{Heap after GC invocations=8 (full 0):
 garbage-first heap   total 51200K, used 17446K [0x00000000a1e00000, 0x0000000100000000)
  region size 1024K, 2 young (2048K), 2 survivors (2048K)
 Metaspace       used 28344K, committed 28736K, reserved 1114112K
  class space    used 3793K, committed 4032K, reserved 1048576K
}
Event: 11.469 GC heap before
{Heap before GC invocations=8 (full 0):
 garbage-first heap   total 51200K, used 36902K [0x00000000a1e00000, 0x0000000100000000)
  region size 1024K, 21 young (21504K), 2 survivors (2048K)
 Metaspace       used 34109K, committed 34560K, reserved 1114112K
  class space    used 4725K, committed 4928K, reserved 1048576K
}
Event: 11.473 GC heap after
{Heap after GC invocations=9 (full 0):
 garbage-first heap   total 51200K, used 18287K [0x00000000a1e00000, 0x0000000100000000)
  region size 1024K, 3 young (3072K), 3 survivors (3072K)
 Metaspace       used 34109K, committed 34560K, reserved 1114112K
  class space    used 4725K, committed 4928K, reserved 1048576K
}
Event: 11.691 GC heap before
{Heap before GC invocations=9 (full 0):
 garbage-first heap   total 51200K, used 22383K [0x00000000a1e00000, 0x0000000100000000)
  region size 1024K, 8 young (8192K), 3 survivors (3072K)
 Metaspace       used 35622K, committed 35968K, reserved 1114112K
  class space    used 4952K, committed 5120K, reserved 1048576K
}
Event: 11.695 GC heap after
{Heap after GC invocations=10 (full 0):
 garbage-first heap   total 51200K, used 18697K [0x00000000a1e00000, 0x0000000100000000)
  region size 1024K, 2 young (2048K), 2 survivors (2048K)
 Metaspace       used 35622K, committed 35968K, reserved 1114112K
  class space    used 4952K, committed 5120K, reserved 1048576K
}
Event: 12.658 GC heap before
{Heap before GC invocations=11 (full 0):
 garbage-first heap   total 51200K, used 37129K [0x00000000a1e00000, 0x0000000100000000)
  region size 1024K, 21 young (21504K), 2 survivors (2048K)
 Metaspace       used 40548K, committed 40896K, reserved 1114112K
  class space    used 5694K, committed 5888K, reserved 1048576K
}
Event: 12.663 GC heap after
{Heap after GC invocations=12 (full 0):
 garbage-first heap   total 51200K, used 20058K [0x00000000a1e00000, 0x0000000100000000)
  region size 1024K, 3 young (3072K), 3 survivors (3072K)
 Metaspace       used 40548K, committed 40896K, reserved 1114112K
  class space    used 5694K, committed 5888K, reserved 1048576K
}
Event: 13.739 GC heap before
{Heap before GC invocations=12 (full 0):
 garbage-first heap   total 51200K, used 39514K [0x00000000a1e00000, 0x0000000100000000)
  region size 1024K, 22 young (22528K), 3 survivors (3072K)
 Metaspace       used 44377K, committed 44736K, reserved 1114112K
  class space    used 6239K, committed 6400K, reserved 1048576K
}
Event: 13.747 GC heap after
{Heap after GC invocations=13 (full 0):
 garbage-first heap   total 51200K, used 21378K [0x00000000a1e00000, 0x0000000100000000)
  region size 1024K, 3 young (3072K), 3 survivors (3072K)
 Metaspace       used 44377K, committed 44736K, reserved 1114112K
  class space    used 6239K, committed 6400K, reserved 1048576K
}
Event: 14.253 GC heap before
{Heap before GC invocations=13 (full 0):
 garbage-first heap   total 51200K, used 39810K [0x00000000a1e00000, 0x0000000100000000)
  region size 1024K, 21 young (21504K), 3 survivors (3072K)
 Metaspace       used 46214K, committed 46656K, reserved 1114112K
  class space    used 6535K, committed 6720K, reserved 1048576K
}
Event: 14.261 GC heap after
{Heap after GC invocations=14 (full 0):
 garbage-first heap   total 51200K, used 22693K [0x00000000a1e00000, 0x0000000100000000)
  region size 1024K, 3 young (3072K), 3 survivors (3072K)
 Metaspace       used 46214K, committed 46656K, reserved 1114112K
  class space    used 6535K, committed 6720K, reserved 1048576K
}
Event: 14.899 GC heap before
{Heap before GC invocations=14 (full 0):
 garbage-first heap   total 51200K, used 39077K [0x00000000a1e00000, 0x0000000100000000)
  region size 1024K, 19 young (19456K), 3 survivors (3072K)
 Metaspace       used 48190K, committed 48576K, reserved 1114112K
  class space    used 6814K, committed 6976K, reserved 1048576K
}

Deoptimization events (16 events):
Event: 3.826 Thread 0x000002355f4eb770 DEOPT PACKING pc=0x00000235688531f5 sp=0x0000007e3b0fdd20
Event: 3.826 Thread 0x000002355f4eb770 DEOPT UNPACKING pc=0x0000023568642b43 sp=0x0000007e3b0fd178 mode 3
Event: 5.398 Thread 0x000002357653b840 DEOPT PACKING pc=0x0000023568a70d19 sp=0x0000007e3cafd140
Event: 5.398 Thread 0x000002357653b840 DEOPT UNPACKING pc=0x0000023568642b43 sp=0x0000007e3cafc620 mode 3
Event: 7.490 Thread 0x000002357653b840 DEOPT PACKING pc=0x0000023568a977a4 sp=0x0000007e3cafd5d0
Event: 7.490 Thread 0x000002357653b840 DEOPT UNPACKING pc=0x0000023568642b43 sp=0x0000007e3cafcb28 mode 0
Event: 7.999 Thread 0x000002357653b840 DEOPT PACKING pc=0x0000023568c549f5 sp=0x0000007e3cafcbd0
Event: 7.999 Thread 0x000002357653b840 DEOPT UNPACKING pc=0x0000023568642b43 sp=0x0000007e3cafc040 mode 3
Event: 9.815 Thread 0x000002357653b840 DEOPT PACKING pc=0x0000023568a73401 sp=0x0000007e3cafe620
Event: 9.815 Thread 0x000002357653b840 DEOPT UNPACKING pc=0x0000023568642b43 sp=0x0000007e3cafdab0 mode 3
Event: 9.816 Thread 0x0000023576457840 DEOPT PACKING pc=0x00000235689e9297 sp=0x0000007e3cbfee30
Event: 9.816 Thread 0x0000023576457840 DEOPT UNPACKING pc=0x0000023568642b43 sp=0x0000007e3cbfe288 mode 3
Event: 10.012 Thread 0x000002357653b840 DEOPT PACKING pc=0x0000023568ab84dd sp=0x0000007e3caf7a70
Event: 10.012 Thread 0x000002357653b840 DEOPT UNPACKING pc=0x0000023568642b43 sp=0x0000007e3caf6fe0 mode 3
Event: 14.226 Thread 0x000002357653b840 DEOPT PACKING pc=0x0000023568a4a4aa sp=0x0000007e3cafdbb0
Event: 14.226 Thread 0x000002357653b840 DEOPT UNPACKING pc=0x0000023568642b43 sp=0x0000007e3cafd0b8 mode 3

Classes loaded (20 events):
Event: 14.251 Loading class java/lang/ObjectCustomizer
Event: 14.251 Loading class java/lang/ObjectCustomizer done
Event: 14.251 Loading class java/lang/ObjectCustomizer
Event: 14.251 Loading class java/lang/ObjectCustomizer done
Event: 14.348 Loading class java/util/concurrent/Flow$Publisher
Event: 14.348 Loading class java/util/concurrent/Flow$Publisher done
Event: 14.387 Loading class java/util/EnumMap$EntrySet
Event: 14.387 Loading class java/util/EnumMap$EntrySet done
Event: 14.387 Loading class java/util/EnumMap$EntryIterator
Event: 14.388 Loading class java/util/EnumMap$EnumMapIterator
Event: 14.388 Loading class java/util/EnumMap$EnumMapIterator done
Event: 14.388 Loading class java/util/EnumMap$EntryIterator done
Event: 14.428 Loading class java/lang/reflect/MalformedParametersException
Event: 14.428 Loading class java/lang/reflect/MalformedParametersException done
Event: 14.577 Loading class java/nio/charset/UnsupportedCharsetException
Event: 14.577 Loading class java/nio/charset/UnsupportedCharsetException done
Event: 14.700 Loading class java/util/regex/PatternSyntaxException
Event: 14.700 Loading class java/util/regex/PatternSyntaxException done
Event: 14.710 Loading class java/util/Comparators$NullComparator
Event: 14.710 Loading class java/util/Comparators$NullComparator done

Classes unloaded (0 events):
No events

Classes redefined (0 events):
No events

Internal exceptions (20 events):
Event: 13.836 Thread 0x000002357653b840 Exception <a 'java/lang/ClassNotFoundException'{0x00000000a7321ba0}: com/UdeA/Ciclo3/modelos/EmpresaCustomizer> (0x00000000a7321ba0) 
thrown [s\open\src\hotspot\share\classfile\systemDictionary.cpp, line 255]
Event: 13.865 Thread 0x000002357653b840 Exception <a 'java/lang/NoSuchMethodError'{0x00000000a721def8}: 'int java.lang.invoke.DirectMethodHandle$Holder.invokeVirtual(java.lang.Object, java.lang.Object, java.lang.Object)'> (0x00000000a721def8) 
thrown [s\open\src\hotspot\share\interpreter\linkResolver.cpp, line 766]
Event: 13.935 Thread 0x000002357653b840 Exception <a 'java/lang/IncompatibleClassChangeError'{0x00000000a71e9040}: Found class java.lang.Object, but interface was expected> (0x00000000a71e9040) 
thrown [s\open\src\hotspot\share\interpreter\linkResolver.cpp, line 833]
Event: 14.038 Thread 0x000002357653b840 Exception <a 'java/lang/ClassNotFoundException'{0x00000000a4528110}: java/lang/ObjectCustomizer> (0x00000000a4528110) 
thrown [s\open\src\hotspot\share\classfile\systemDictionary.cpp, line 255]
Event: 14.039 Thread 0x000002357653b840 Exception <a 'java/lang/ClassNotFoundException'{0x00000000a4531368}: com/UdeA/Ciclo3/modelos/EmpleadoCustomizer> (0x00000000a4531368) 
thrown [s\open\src\hotspot\share\classfile\systemDictionary.cpp, line 255]
Event: 14.251 Thread 0x000002357653b840 Exception <a 'java/lang/ClassNotFoundException'{0x00000000a3eea760}: java/lang/ObjectCustomizer> (0x00000000a3eea760) 
thrown [s\open\src\hotspot\share\classfile\systemDictionary.cpp, line 255]
Event: 14.252 Thread 0x000002357653b840 Exception <a 'java/lang/ClassNotFoundException'{0x00000000a3ef2d90}: org/springframework/web/servlet/config/annotation/WebMvcConfigurationSupportCustomizer> (0x00000000a3ef2d90) 
thrown [s\open\src\hotspot\share\classfile\systemDictionary.cpp, line 255]
Event: 14.262 Thread 0x000002357653b840 Exception <a 'java/lang/ClassNotFoundException'{0x00000000a7d07860}: org/springframework/web/servlet/config/annotation/DelegatingWebMvcConfigurationCustomizer> (0x00000000a7d07860) 
thrown [s\open\src\hotspot\share\classfile\systemDictionary.cpp, line 255]
Event: 14.264 Thread 0x000002357653b840 Exception <a 'java/lang/ClassNotFoundException'{0x00000000a7d11640}: org/springframework/boot/autoconfigure/web/servlet/WebMvcAutoConfiguration$EnableWebMvcConfigurationCustomizer> (0x00000000a7d11640) 
thrown [s\open\src\hotspot\share\classfile\systemDictionary.cpp, line 255]
Event: 14.268 Thread 0x000002357653b840 Exception <a 'java/lang/ClassNotFoundException'{0x00000000a7d23f28}: org/springframework/context/ResourceLoaderAwareCustomizer> (0x00000000a7d23f28) 
thrown [s\open\src\hotspot\share\classfile\systemDictionary.cpp, line 255]
Event: 14.269 Thread 0x000002357653b840 Exception <a 'java/lang/ClassNotFoundException'{0x00000000a7d29560}: org/springframework/beans/factory/AwareCustomizer> (0x00000000a7d29560) 
thrown [s\open\src\hotspot\share\classfile\systemDictionary.cpp, line 255]
Event: 14.269 Thread 0x000002357653b840 Exception <a 'java/lang/ClassNotFoundException'{0x00000000a7d2e050}: org/springframework/context/ApplicationContextAwareCustomizer> (0x00000000a7d2e050) 
thrown [s\open\src\hotspot\share\classfile\systemDictionary.cpp, line 255]
Event: 14.270 Thread 0x000002357653b840 Exception <a 'java/lang/ClassNotFoundException'{0x00000000a7d34168}: org/springframework/beans/factory/AwareCustomizer> (0x00000000a7d34168) 
thrown [s\open\src\hotspot\share\classfile\systemDictionary.cpp, line 255]
Event: 14.271 Thread 0x000002357653b840 Exception <a 'java/lang/ClassNotFoundException'{0x00000000a7d38c30}: org/springframework/web/context/ServletContextAwareCustomizer> (0x00000000a7d38c30) 
thrown [s\open\src\hotspot\share\classfile\systemDictionary.cpp, line 255]
Event: 14.272 Thread 0x000002357653b840 Exception <a 'java/lang/ClassNotFoundException'{0x00000000a7d3e6a0}: org/springframework/beans/factory/AwareCustomizer> (0x00000000a7d3e6a0) 
thrown [s\open\src\hotspot\share\classfile\systemDictionary.cpp, line 255]
Event: 14.275 Thread 0x000002357653b840 Exception <a 'java/lang/NoSuchMethodError'{0x00000000a7d51ff8}: 'java.lang.Object java.lang.invoke.DirectMethodHandle$Holder.newInvokeSpecial(java.lang.Object, java.lang.Object, java.lang.Object, java.lang.Object, java.lang.Object, java.lang.Object, java.lang.Object, java.lang.Object)'> (0x00000000a7d51ff8) 
thrown [s\open\src\hotspot\share\interpreter\linkResolver.cpp, line 766]
Event: 14.276 Thread 0x000002357653b840 Exception <a 'java/lang/NoSuchMethodError'{0x00000000a7d573b8}: 'java.lang.Object java.lang.invoke.DirectMethodHandle$Holder.invokeSpecial(java.lang.Object, java.lang.Object, java.lang.Object, java.lang.Object, java.lang.Object, java.lang.Object, java.lang.Object, java.lang.Object, java.lang.Object)'> (0x00000000a7d573b8) 
thrown [s\open\src\hotspot\share\interpreter\linkResolver.cpp, line 766]
Event: 14.517 Thread 0x000002357653b840 Exception <a 'java/lang/NoSuchMethodError'{0x00000000a4817938}: 'void java.lang.invoke.DirectMethodHandle$Holder.invokeVirtual(java.lang.Object, java.lang.Object, long)'> (0x00000000a4817938) 
thrown [s\open\src\hotspot\share\interpreter\linkResolver.cpp, line 766]
Event: 14.760 Thread 0x000002357653b840 Exception <a 'java/lang/IncompatibleClassChangeError'{0x00000000a43d6c30}: Found class java.lang.Object, but interface was expected> (0x00000000a43d6c30) 
thrown [s\open\src\hotspot\share\interpreter\linkResolver.cpp, line 833]
Event: 14.829 Thread 0x000002357653b840 Exception <a 'java/lang/NoSuchMethodError'{0x00000000a4162790}: 'int java.lang.invoke.DirectMethodHandle$Holder.invokeStaticInit(java.lang.Object, java.lang.Object, java.lang.Object, java.lang.Object)'> (0x00000000a4162790) 
thrown [s\open\src\hotspot\share\interpreter\linkResolver.cpp, line 766]

VM Operations (20 events):
Event: 12.663 Executing VM operation: G1CollectForAllocation done
Event: 13.446 Executing VM operation: HandshakeAllThreads
Event: 13.446 Executing VM operation: HandshakeAllThreads done
Event: 13.490 Executing VM operation: ICBufferFull
Event: 13.490 Executing VM operation: ICBufferFull done
Event: 13.739 Executing VM operation: G1CollectForAllocation
Event: 13.747 Executing VM operation: G1CollectForAllocation done
Event: 13.983 Executing VM operation: HandshakeAllThreads
Event: 13.983 Executing VM operation: HandshakeAllThreads done
Event: 14.253 Executing VM operation: G1CollectForAllocation
Event: 14.261 Executing VM operation: G1CollectForAllocation done
Event: 14.371 Executing VM operation: HandshakeAllThreads
Event: 14.371 Executing VM operation: HandshakeAllThreads done
Event: 14.555 Executing VM operation: HandshakeAllThreads
Event: 14.555 Executing VM operation: HandshakeAllThreads done
Event: 14.728 Executing VM operation: HandshakeAllThreads
Event: 14.728 Executing VM operation: HandshakeAllThreads done
Event: 14.775 Executing VM operation: HandshakeAllThreads
Event: 14.775 Executing VM operation: HandshakeAllThreads done
Event: 14.899 Executing VM operation: G1CollectForAllocation

Events (20 events):
Event: 1.829 Loaded shared library C:\Program Files\Java\jdk-18.0.1.1\bin\nio.dll
Event: 2.024 Loaded shared library C:\Program Files\JetBrains\IntelliJ IDEA 2022.2\bin\breakgen64.dll
Event: 2.027 Thread 0x0000023575fe38b0 Thread added: 0x0000023575fe38b0
Event: 2.028 Thread 0x0000023575fe8fb0 Thread added: 0x0000023575fe8fb0
Event: 2.126 Loaded shared library C:\Program Files\Java\jdk-18.0.1.1\bin\management.dll
Event: 2.265 Loaded shared library C:\Program Files\Java\jdk-18.0.1.1\bin\management_ext.dll
Event: 3.326 Thread 0x000002357610b820 Thread added: 0x000002357610b820
Event: 3.432 Loaded shared library C:\Program Files\Java\jdk-18.0.1.1\bin\verify.dll
Event: 4.100 Thread 0x00000235765010c0 Thread added: 0x00000235765010c0
Event: 4.114 Thread 0x000002357653b840 Thread added: 0x000002357653b840
Event: 4.963 Thread 0x000002357664a2e0 Thread added: 0x000002357664a2e0
Event: 5.787 Thread 0x000002357664a2e0 Thread exited: 0x000002357664a2e0
Event: 5.829 Thread 0x0000023576de4300 Thread added: 0x0000023576de4300
Event: 5.968 Thread 0x0000023576de4300 Thread exited: 0x0000023576de4300
Event: 9.238 Loaded shared library C:\Program Files\Java\jdk-18.0.1.1\bin\sunmscapi.dll
Event: 9.812 Thread 0x0000023576457840 Thread added: 0x0000023576457840
Event: 9.814 Thread 0x00000235772627e0 Thread added: 0x00000235772627e0
Event: 9.823 Thread 0x000002357633a230 Thread added: 0x000002357633a230
Event: 11.529 Thread 0x0000023576339d60 Thread added: 0x0000023576339d60
Event: 11.647 Thread 0x0000023576338a20 Thread added: 0x0000023576338a20


Dynamic libraries:
0x00007ff7ae7c0000 - 0x00007ff7ae7d0000 	C:\Program Files\Java\jdk-18.0.1.1\bin\java.exe
0x00007fffc3180000 - 0x00007fffc3389000 	C:\WINDOWS\SYSTEM32\ntdll.dll
0x00007fffc28e0000 - 0x00007fffc299d000 	C:\WINDOWS\System32\KERNEL32.DLL
0x00007fffc0910000 - 0x00007fffc0c8d000 	C:\WINDOWS\System32\KERNELBASE.dll
0x00007fffc0e80000 - 0x00007fffc0f91000 	C:\WINDOWS\System32\ucrtbase.dll
0x00007fffba340000 - 0x00007fffba358000 	C:\Program Files\Java\jdk-18.0.1.1\bin\jli.dll
0x00007fffc2b80000 - 0x00007fffc2c2e000 	C:\WINDOWS\System32\ADVAPI32.dll
0x00007fffc2ec0000 - 0x00007fffc2f63000 	C:\WINDOWS\System32\msvcrt.dll
0x00007fffc29c0000 - 0x00007fffc2a5e000 	C:\WINDOWS\System32\sechost.dll
0x00007fffc11c0000 - 0x00007fffc12e0000 	C:\WINDOWS\System32\RPCRT4.dll
0x00007fffc1010000 - 0x00007fffc11bd000 	C:\WINDOWS\System32\USER32.dll
0x00007fffc0780000 - 0x00007fffc07a6000 	C:\WINDOWS\System32\win32u.dll
0x00007fffc3110000 - 0x00007fffc3139000 	C:\WINDOWS\System32\GDI32.dll
0x00007fffc0660000 - 0x00007fffc0778000 	C:\WINDOWS\System32\gdi32full.dll
0x00007fffc07b0000 - 0x00007fffc084d000 	C:\WINDOWS\System32\msvcp_win.dll
0x00007fffaad50000 - 0x00007fffaaff5000 	C:\WINDOWS\WinSxS\amd64_microsoft.windows.common-controls_6595b64144ccf1df_6.0.22000.120_none_9d947278b86cc467\COMCTL32.dll
0x00007fffb8560000 - 0x00007fffb856a000 	C:\WINDOWS\SYSTEM32\VERSION.dll
0x00007fffbc330000 - 0x00007fffbc34a000 	C:\Program Files\Java\jdk-18.0.1.1\bin\VCRUNTIME140.dll
0x00007fffc3060000 - 0x00007fffc3091000 	C:\WINDOWS\System32\IMM32.DLL
0x00007fffbc360000 - 0x00007fffbc36c000 	C:\Program Files\Java\jdk-18.0.1.1\bin\vcruntime140_1.dll
0x00007fff81c10000 - 0x00007fff81c9d000 	C:\Program Files\Java\jdk-18.0.1.1\bin\msvcp140.dll
0x00007fff5e520000 - 0x00007fff5f130000 	C:\Program Files\Java\jdk-18.0.1.1\bin\server\jvm.dll
0x00007fffc2a70000 - 0x00007fffc2a78000 	C:\WINDOWS\System32\PSAPI.DLL
0x00007fff9cfa0000 - 0x00007fff9cfa9000 	C:\WINDOWS\SYSTEM32\WSOCK32.dll
0x00007fffc30a0000 - 0x00007fffc310f000 	C:\WINDOWS\System32\WS2_32.dll
0x00007fffbe160000 - 0x00007fffbe193000 	C:\WINDOWS\SYSTEM32\WINMM.dll
0x00007fffbf760000 - 0x00007fffbf778000 	C:\WINDOWS\SYSTEM32\kernel.appcore.dll
0x00007fffb9fe0000 - 0x00007fffb9fea000 	C:\Program Files\Java\jdk-18.0.1.1\bin\jimage.dll
0x00007fffbde80000 - 0x00007fffbe0a1000 	C:\WINDOWS\SYSTEM32\DBGHELP.DLL
0x00007fffbe100000 - 0x00007fffbe131000 	C:\WINDOWS\SYSTEM32\dbgcore.DLL
0x00007fffc0e00000 - 0x00007fffc0e7f000 	C:\WINDOWS\System32\bcryptPrimitives.dll
0x00007fffb7370000 - 0x00007fffb737e000 	C:\Program Files\Java\jdk-18.0.1.1\bin\instrument.dll
0x00007fffb4e00000 - 0x00007fffb4e25000 	C:\Program Files\Java\jdk-18.0.1.1\bin\java.dll
0x00007fff7ca20000 - 0x00007fff7caf6000 	C:\Program Files\Java\jdk-18.0.1.1\bin\jsvml.dll
0x00007fffc12e0000 - 0x00007fffc1a98000 	C:\WINDOWS\System32\SHELL32.dll
0x00007fffbe7d0000 - 0x00007fffbf038000 	C:\WINDOWS\SYSTEM32\windows.storage.dll
0x00007fffc2330000 - 0x00007fffc26a9000 	C:\WINDOWS\System32\combase.dll
0x00007fffbe660000 - 0x00007fffbe7c6000 	C:\WINDOWS\SYSTEM32\wintypes.dll
0x00007fffc2a80000 - 0x00007fffc2b6a000 	C:\WINDOWS\System32\SHCORE.dll
0x00007fffc20d0000 - 0x00007fffc212d000 	C:\WINDOWS\System32\shlwapi.dll
0x00007fffc0590000 - 0x00007fffc05b1000 	C:\WINDOWS\SYSTEM32\profapi.dll
0x00007fffb3ba0000 - 0x00007fffb3bb8000 	C:\Program Files\Java\jdk-18.0.1.1\bin\zip.dll
0x00007fffb3b20000 - 0x00007fffb3b33000 	C:\Program Files\Java\jdk-18.0.1.1\bin\net.dll
0x00007fffb8930000 - 0x00007fffb8a3c000 	C:\WINDOWS\SYSTEM32\WINHTTP.dll
0x00007fffbfb90000 - 0x00007fffbfbf7000 	C:\WINDOWS\system32\mswsock.dll
0x00007fffb3520000 - 0x00007fffb3536000 	C:\Program Files\Java\jdk-18.0.1.1\bin\nio.dll
0x00007fffb0560000 - 0x00007fffb057a000 	C:\Program Files\JetBrains\IntelliJ IDEA 2022.2\bin\breakgen64.dll
0x00007fffbf300000 - 0x00007fffbf3e8000 	C:\WINDOWS\SYSTEM32\DNSAPI.dll
0x00007fffbf290000 - 0x00007fffbf2bd000 	C:\WINDOWS\SYSTEM32\IPHLPAPI.DLL
0x00007fffc2a60000 - 0x00007fffc2a69000 	C:\WINDOWS\System32\NSI.dll
0x0000000052ab0000 - 0x0000000052ad6000 	C:\Program Files\Bonjour\mdnsNSP.dll
0x00007fffb62b0000 - 0x00007fffb62ba000 	C:\Windows\System32\rasadhlp.dll
0x00007fffb8570000 - 0x00007fffb85f1000 	C:\WINDOWS\System32\fwpuclnt.dll
0x00007fffb3510000 - 0x00007fffb3519000 	C:\Program Files\Java\jdk-18.0.1.1\bin\management.dll
0x00007fffb0550000 - 0x00007fffb055b000 	C:\Program Files\Java\jdk-18.0.1.1\bin\management_ext.dll
0x00007fffbfdd0000 - 0x00007fffbfde8000 	C:\WINDOWS\SYSTEM32\CRYPTSP.dll
0x00007fffbf6c0000 - 0x00007fffbf6f5000 	C:\WINDOWS\system32\rsaenh.dll
0x00007fffbfc80000 - 0x00007fffbfca9000 	C:\WINDOWS\SYSTEM32\USERENV.dll
0x00007fffbff50000 - 0x00007fffbff77000 	C:\WINDOWS\SYSTEM32\bcrypt.dll
0x00007fffbfdf0000 - 0x00007fffbfdfc000 	C:\WINDOWS\SYSTEM32\CRYPTBASE.dll
0x00007fffb8c00000 - 0x00007fffb8c19000 	C:\WINDOWS\SYSTEM32\dhcpcsvc6.DLL
0x00007fffb8d20000 - 0x00007fffb8d3e000 	C:\WINDOWS\SYSTEM32\dhcpcsvc.DLL
0x00007fffa0f10000 - 0x00007fffa0f27000 	C:\WINDOWS\system32\napinsp.dll
0x00007fffa0ef0000 - 0x00007fffa0f0b000 	C:\WINDOWS\system32\pnrpnsp.dll
0x00007fffa0dc0000 - 0x00007fffa0dd2000 	C:\WINDOWS\System32\winrnr.dll
0x00007fffa0da0000 - 0x00007fffa0db5000 	C:\WINDOWS\system32\wshbth.dll
0x00007fffa0d80000 - 0x00007fffa0d9f000 	C:\WINDOWS\system32\nlansp_c.dll
0x00007fffb0540000 - 0x00007fffb0550000 	C:\Program Files\Java\jdk-18.0.1.1\bin\verify.dll
0x00007fffb04b0000 - 0x00007fffb04be000 	C:\Program Files\Java\jdk-18.0.1.1\bin\sunmscapi.dll
0x00007fffc0c90000 - 0x00007fffc0df2000 	C:\WINDOWS\System32\CRYPT32.dll
0x00007fffbff20000 - 0x00007fffbff48000 	C:\WINDOWS\SYSTEM32\ncrypt.dll
0x00007fffbfee0000 - 0x00007fffbff17000 	C:\WINDOWS\SYSTEM32\NTASN1.dll

dbghelp: loaded successfully - version: 4.0.5 - missing functions: none
symbol engine: initialized successfully - sym options: 0x614 - pdb path: .;C:\Program Files\Java\jdk-18.0.1.1\bin;C:\WINDOWS\SYSTEM32;C:\WINDOWS\WinSxS\amd64_microsoft.windows.common-controls_6595b64144ccf1df_6.0.22000.120_none_9d947278b86cc467;C:\Program Files\Java\jdk-18.0.1.1\bin\server;C:\Program Files\JetBrains\IntelliJ IDEA 2022.2\bin;C:\Program Files\Bonjour

VM Arguments:
jvm_args: -XX:TieredStopAtLevel=1 -Dspring.output.ansi.enabled=always -Dcom.sun.management.jmxremote -Dspring.jmx.enabled=true -Dspring.liveBeansView.mbeanDomain -Dspring.application.admin.enabled=true -javaagent:C:\Program Files\JetBrains\IntelliJ IDEA 2022.2\lib\idea_rt.jar=61068:C:\Program Files\JetBrains\IntelliJ IDEA 2022.2\bin -Dfile.encoding=UTF-8 
java_command: com.UdeA.Ciclo3.Ciclo3Application
java_class_path (initial): C:\Users\brine\OneDrive\Escritorio\Ciclo 3\Udea ciclo 3\Gestion-Empresa\Proyecto\target\classes;C:\Users\brine\.m2\repository\org\springframework\boot\spring-boot-starter-data-jpa\2.7.2\spring-boot-starter-data-jpa-2.7.2.jar;C:\Users\brine\.m2\repository\org\springframework\boot\spring-boot-starter-aop\2.7.2\spring-boot-starter-aop-2.7.2.jar;C:\Users\brine\.m2\repository\org\springframework\spring-aop\5.3.22\spring-aop-5.3.22.jar;C:\Users\brine\.m2\repository\org\aspectj\aspectjweaver\1.9.7\aspectjweaver-1.9.7.jar;C:\Users\brine\.m2\repository\org\springframework\boot\spring-boot-starter-jdbc\2.7.2\spring-boot-starter-jdbc-2.7.2.jar;C:\Users\brine\.m2\repository\com\zaxxer\HikariCP\4.0.3\HikariCP-4.0.3.jar;C:\Users\brine\.m2\repository\org\springframework\spring-jdbc\5.3.22\spring-jdbc-5.3.22.jar;C:\Users\brine\.m2\repository\jakarta\transaction\jakarta.transaction-api\1.3.3\jakarta.transaction-api-1.3.3.jar;C:\Users\brine\.m2\repository\jakarta\persistence\jakarta.persistence-api\2.2.3\jakarta.persistence-api-2.2.3.jar;C:\Users\brine\.m2\repository\org\hibernate\hibernate-core\5.6.10.Final\hibernate-core-5.6.10.Final.jar;C:\Users\brine\.m2\repository\org\jboss\logging\jboss-logging\3.4.3.Final\jboss-logging-3.4.3.Final.jar;C:\Users\brine\.m2\repository\net\bytebuddy\byte-buddy\1.12.12\byte-buddy-1.12.12.jar;C:\Users\brine\.m2\repository\antlr\antlr\2.7.7\antlr-2.7.7.jar;C:\Users\brine\.m2\repository\org\jboss\jandex\2.4.2.Final\jandex-2.4.2.Final.jar;C:\Users\brine\.m2\repository\com\fasterxml\classmate\1.5.1\classmate-1.5.1.jar;C:\Users\brine\.m2\repository\org\hibernate\common\hibernate-commons-annotations\5.1.2.Final\hibernate-commons-annotations-5.1.2.Final.jar;C:\Users\brine\.m2\repository\org\glassfish\jaxb\jaxb-runtime\2.3.6\jaxb-runtime-2.3.6.jar;C:\Users\brine\.m2\repository\org\glassfish\jaxb\txw2\2.3.6\txw2-2.3.6.jar;C:\Users\brine\.m2\repository\com\sun\istack\istack-commons-runtime\3.0.12\istack-commons-runtime-3.0.12.jar;C:\Users\brine\.m2\repository\com\sun\activation\jakarta.activation\1.2.2\jakarta.activation-1.2.2.jar;C:\Users\brine\.m2\repository\org\springframework\data\spring-data-jpa\2.7.2\spring-data-jpa-2.7.2.jar;C:\Users\brine\.m2\repository\org\springframework\data\spring-data-commons\2.7.2\spring-data-commons-2.7.2.jar;C:\Users\brine\.m2\repository\org\springframework\spring-orm\5.3.22\spring-orm-5.3.22.jar;C:\Users\brine\.m2\repository\org\springframework\spring-context\5.3.22\spring-context-5.3.22.jar;C:\Users\brine\.m2\repository\org\springframework\spring-tx\5.3.22\spring-tx-5.3.22.jar;C:\Users\brine\.m2\repository\org\springframework\spring-beans\5.3.22\spring-beans-5.3.22.jar;C:\Users\brine\.m2\repository\org\slf4j\slf4j-api\1.7.36\slf4j-api-1.7.36.jar;C:\Users\brine\.m2\repository\org\springframework\spring-aspects\5.3.22\spring-aspects-5.3.22.jar;C:\Users\brine\.m2\repository\org\springframework\boot\spring-boot-starter-thymeleaf\2.7.2\spring-boot-starter-thymeleaf-2.7.2.jar;C:\Users\brine\.m2\repository\org\springframework\boot\spring-boot-starter\2.7.2\spring-boot-starter-2.7.2.jar;C:\Users\brine\.m2\repository\org\springframework\boot\spring-boot-starter-logging\2.7.2\spring-boot-starter-logging-2.7.2.jar;C:\Users\brine\.m2\repository\ch\qos\logback\logback-classic\1.2.11\logback-classic-1.2.11.jar;C:\Users\brine\.m2\repository\ch\qos\logback\logback-core\1.2.11\logback-core-1.2.11.jar;C:\Users\brine\.m2\repository\org\apache\logging\log4j\log4j-to-slf4j\2.17.2\log4j-to-slf4j-2.17.2.jar;C:\Users\brine\.m2\repository\org\apache\logging\log4j\log4j-api\2.17.2\log4j-api-2.17.2.jar;C:\Users\brine\.m2\repository\org\slf4j\jul-to-slf4j\1.7.36\jul-to-slf4j-1.7.36.jar;C:\Users\brine\.m2\repository\jakarta\annotation\jakarta.annotation-api\1.3.5\jakarta.annotation-api-1.3.5.jar;C:\Users\brine\.m2\repository\org\yaml\snakeyaml\1.30\snakeyaml-1.30.jar;C:\Users\brine\.m2\repository\org\thymeleaf\thymeleaf-spring5\3.0.15.RELEASE\thymeleaf-spring5-3.0.15.RELEASE.jar;C:\Users\brine\.m2\repository\org\thymeleaf\thymeleaf\3.0.15.RELEASE\thymeleaf-3.0.15.RELEASE.jar;C:\Users\brine\.m2\repository\org\attoparser\attoparser\2.0.5.RELEASE\attoparser-2.0.5.RELEASE.jar;C:\Users\brine\.m2\repository\org\unbescape\unbescape\1.1.6.RELEASE\unbescape-1.1.6.RELEASE.jar;C:\Users\brine\.m2\repository\org\thymeleaf\extras\thymeleaf-extras-java8time\3.0.4.RELEASE\thymeleaf-extras-java8time-3.0.4.RELEASE.jar;C:\Users\brine\.m2\repository\org\springframework\boot\spring-boot-starter-web\2.7.2\spring-boot-starter-web-2.7.2.jar;C:\Users\brine\.m2\repository\org\springframework\boot\spring-boot-starter-json\2.7.2\spring-boot-starter-json-2.7.2.jar;C:\Users\brine\.m2\repository\com\fasterxml\jackson\core\jackson-databind\2.13.3\jackson-databind-2.13.3.jar;C:\Users\brine\.m2\repository\com\fasterxml\jackson\core\jackson-annotations\2.13.3\jackson-annotations-2.13.3.jar;C:\Users\brine\.m2\repository\com\fasterxml\jackson\core\jackson-core\2.13.3\jackson-core-2.13.3.jar;C:\Users\brine\.m2\repository\com\fasterxml\jackson\datatype\jackson-datatype-jdk8\2.13.3\jackson-datatype-jdk8-2.13.3.jar;C:\Users\brine\.m2\repository\com\fasterxml\jackson\datatype\jackson-datatype-jsr310\2.13.3\jackson-datatype-jsr310-2.13.3.jar;C:\Users\brine\.m2\repository\com\fasterxml\jackson\module\jackson-module-parameter-names\2.13.3\jackson-module-parameter-names-2.13.3.jar;C:\Users\brine\.m2\repository\org\springframework\boot\spring-boot-starter-tomcat\2.7.2\spring-boot-starter-tomcat-2.7.2.jar;C:\Users\brine\.m2\repository\org\apache\tomcat\embed\tomcat-embed-core\9.0.65\tomcat-embed-core-9.0.65.jar;C:\Users\brine\.m2\repository\org\apache\tomcat\embed\tomcat-embed-el\9.0.65\tomcat-embed-el-9.0.65.jar;C:\Users\brine\.m2\repository\org\apache\tomcat\embed\tomcat-embed-websocket\9.0.65\tomcat-embed-websocket-9.0.65.jar;C:\Users\brine\.m2\repository\org\springframework\spring-web\5.3.22\spring-web-5.3.22.jar;C:\Users\brine\.m2\repository\org\springframework\spring-webmvc\5.3.22\spring-webmvc-5.3.22.jar;C:\Users\brine\.m2\repository\org\springframework\spring-expression\5.3.22\spring-expression-5.3.22.jar;C:\Users\brine\.m2\repository\org\springframework\boot\spring-boot-devtools\2.7.2\spring-boot-devtools-2.7.2.jar;C:\Users\brine\.m2\repository\org\springframework\boot\spring-boot\2.7.2\spring-boot-2.7.2.jar;C:\Users\brine\.m2\repository\org\springframework\boot\spring-boot-autoconfigure\2.7.2\spring-boot-autoconfigure-2.7.2.jar;C:\Users\brine\.m2\repository\org\postgresql\postgresql\42.3.6\postgresql-42.3.6.jar;C:\Users\brine\.m2\repository\org\checkerframework\checker-qual\3.5.0\checker-qual-3.5.0.jar;C:\Users\brine\.m2\repository\jakarta\xml\bind\jakarta.xml.bind-api\2.3.3\jakarta.xml.bind-api-2.3.3.jar;C:\Users\brine\.m2\repository\jakarta\activation\jakarta.activation-api\1.2.2\jakarta.activation-api-1.2.2.jar;C:\Users\brine\.m2\repository\org\springframework\spring-core\5.3.22\spring-core-5.3.22.jar;C:\Users\brine\.m2\repository\org\springframework\spring-jcl\5.3.22\spring-jcl-5.3.22.jar
Launcher Type: SUN_STANDARD

[Global flags]
     intx CICompilerCount                          = 3                                         {product} {ergonomic}
     uint ConcGCThreads                            = 1                                         {product} {ergonomic}
     uint G1ConcRefinementThreads                  = 4                                         {product} {ergonomic}
   size_t G1HeapRegionSize                         = 1048576                                   {product} {ergonomic}
    uintx GCDrainStackTargetSize                   = 64                                        {product} {ergonomic}
   size_t InitialHeapSize                          = 100663296                                 {product} {ergonomic}
     bool ManagementServer                         = true                                      {product} {command line}
   size_t MarkStackSize                            = 4194304                                   {product} {ergonomic}
   size_t MaxHeapSize                              = 1579155456                                {product} {ergonomic}
   size_t MaxNewSize                               = 946864128                                 {product} {ergonomic}
   size_t MinHeapDeltaBytes                        = 1048576                                   {product} {ergonomic}
   size_t MinHeapSize                              = 8388608                                   {product} {ergonomic}
    uintx NonProfiledCodeHeapSize                  = 0                                      {pd product} {ergonomic}
     bool ProfileInterpreter                       = false                                  {pd product} {command line}
    uintx ProfiledCodeHeapSize                     = 0                                      {pd product} {ergonomic}
   size_t SoftMaxHeapSize                          = 1579155456                             {manageable} {ergonomic}
     intx TieredStopAtLevel                        = 1                                         {product} {command line}
     bool UseCompressedClassPointers               = true                           {product lp64_product} {ergonomic}
     bool UseCompressedOops                        = true                           {product lp64_product} {ergonomic}
     bool UseG1GC                                  = true                                      {product} {ergonomic}
     bool UseLargePagesIndividualAllocation        = false                                  {pd product} {ergonomic}

Logging:
Log output configuration:
 #0: stdout all=warning uptime,level,tags foldmultilines=false
 #1: stderr all=off uptime,level,tags foldmultilines=false

Environment Variables:
PATH=C:\Program Files\Common Files\Oracle\Java\javapath;C:\WINDOWS\system32;C:\WINDOWS;C:\WINDOWS\System32\Wbem;C:\WINDOWS\System32\WindowsPowerShell\v1.0\;C:\WINDOWS\System32\OpenSSH\;C:\Program Files\Git\cmd;C:\Users\brine\AppData\Local\Programs\Python\Python310\Scripts\;C:\Users\brine\AppData\Local\Programs\Python\Python310\;C:\Users\brine\AppData\Local\Microsoft\WindowsApps;;C:\Users\brine\AppData\Local\Programs\Microsoft VS Code\bin;C:\Program Files\JetBrains\IntelliJ IDEA 2022.2\bin;
USERNAME=brine
OS=Windows_NT
PROCESSOR_IDENTIFIER=AMD64 Family 23 Model 24 Stepping 1, AuthenticAMD



---------------  S Y S T E M  ---------------

OS:
 Windows 11 , 64 bit Build 22000 (10.0.22000.708)
OS uptime: 5 days 23:47 hours

CPU: total 4 (initial active 4) (4 cores per cpu, 2 threads per core) family 23 model 24 stepping 1 microcode 0x0, cx8, cmov, fxsr, ht, mmx, 3dnowpref, sse, sse2, sse3, ssse3, sse4a, sse4.1, sse4.2, popcnt, lzcnt, tsc, tscinvbit, avx, avx2, aes, clmul, bmi1, bmi2, adx, sha, fma, vzeroupper, clflush, clflushopt

Memory: 4k page, system-wide physical 6020M (384M free)
TotalPageFile size 24452M (AvailPageFile size 4M)
current process WorkingSet (physical memory assigned to process): 163M, peak: 163M
current process commit charge ("private bytes"): 196M, peak: 206M

vm_info: Java HotSpot(TM) 64-Bit Server VM (18.0.1.1+2-6) for windows-amd64 JRE (18.0.1.1+2-6), built on Apr 25 2022 21:53:15 by "mach5one" with MS VC++ 16.8 / 16.9 (VS2019)

END.
